<?xml version="1.0" encoding="UTF-8"?>
<testng-results ignored="0" total="1" passed="1" failed="0" skipped="0">
  <reporter-output>
  </reporter-output>
  <suite started-at="2024-11-29T14:11:40 IST" name="Default suite" finished-at="2024-11-29T14:11:41 IST" duration-ms="414">
    <groups>
    </groups>
    <test started-at="2024-11-29T14:11:40 IST" name="Default test" finished-at="2024-11-29T14:11:41 IST" duration-ms="414">
      <class name="DateFormat.Dateformat">
        <test-method signature="main()[pri:0, instance:DateFormat.Dateformat@6da21078]" started-at="2024-11-29T14:11:40 IST" name="main" finished-at="2024-11-29T14:11:41 IST" duration-ms="295" status="PASS">
          <reporter-output>
          </reporter-output>
        </test-method> <!-- main -->
      </class> <!-- DateFormat.Dateformat -->
    </test> <!-- Default test -->
  </suite> <!-- Default suite -->
</testng-results>
